


ARM Macro Assembler    Page 1 


    1 00000000         
    2 00000000                 AREA             myCode, CODE, READONLY
    3 00000000                 ENTRY
    4 00000000                 EXPORT           __main
    5 00000000         __main
    6 00000000 F04F 5180       LDR              R1, =0x10000000
    7 00000004 F04F 5200       LDR              R2, =0x20000000
    8 00000008 F04F 5340       LDR              R3, =0x30000000
    9 0000000C F04F 4480       LDR              R4, =0x40000000
   10 00000010 F04F 4582       LDR              R5, =0x41000000
   11 00000014         
   12 00000014 F04F 0800       MOV              R8, #0      ; for saving lower 
                                                            word
   13 00000018 F04F 0900       MOV              R9, #0      ; for acc carries
   14 0000001C         
   15 0000001C EB18 0801       ADDS             R8,R8,R1    ; R8=R8+R1
   16 00000020 F149 0900       ADC              R9,R9,#0    ; R9=R9+0+CARRY
   17 00000024         
   18 00000024 EB18 0802       ADDS             R8,R8,R2    ; R8=R8+R2
   19 00000028 F149 0900       ADC              R9,R9,#0    ; R9=R9+0+CARRY
   20 0000002C         
   21 0000002C EB18 0803       ADDS             R8,R8,R3    ; R8=R8+R3
   22 00000030 F149 0900       ADC              R9,R9,#0    ; R9=R9+0+CARRY
   23 00000034         
   24 00000034 EB18 0804       ADDS             R8,R8,R4    ; R8=R8+R4
   25 00000038 F149 0900       ADC              R9,R9,#0    ; R9=R9+0+CARRY
   26 0000003C         
   27 0000003C E7FE    STOP    B                STOP
   28 0000003E                 END
Command Line: --debug --xref --diag_suppress=9931 --cpu=Cortex-M7.fp.sp --apcs=
interwork --depend=.\objects\main.d -o.\objects\main.o -I.\RTE\_Target_1 -IC:\K
eil_v5\ARM\PACK\ARM\CMSIS\5.0.1\CMSIS\Include -IC:\Keil_v5\ARM\PACK\Keil\STM32F
7xx_DFP\2.14.1\Drivers\CMSIS\Device\ST\STM32F7xx\Include --predefine="__MICROLI
B SETA 1" --predefine="__UVISION_VERSION SETA 524" --predefine="_RTE_ SETA 1" -
-predefine="STM32F746xx SETA 1" --list=.\listings\main.lst main.s



ARM Macro Assembler    Page 1 Alphabetic symbol ordering
Relocatable symbols

STOP 0000003C

Symbol: STOP
   Definitions
      At line 27 in file main.s
   Uses
      At line 27 in file main.s
Comment: STOP used once
__main 00000000

Symbol: __main
   Definitions
      At line 5 in file main.s
   Uses
      At line 4 in file main.s
Comment: __main used once
myCode 00000000

Symbol: myCode
   Definitions
      At line 2 in file main.s
   Uses
      None
Comment: myCode unused
3 symbols
338 symbols in table
