


ARM Macro Assembler    Page 1 


    1 00000000         ;///////////////////////////////////////////////////////
                       /////
    2 00000000 40023800 
                       RCC_BASE
                               EQU              0x40023800
    3 00000000         
    4 00000000 00000030 
                       RCC_AHB1ENR_OFFSET
                               EQU              0x30
    5 00000000 40023830 
                       RCC_AHB1ENR
                               EQU              RCC_BASE + RCC_AHB1ENR_OFFSET
    6 00000000 00000001 
                       GPIOA_EN
                               EQU              1 << 0
    7 00000000         ;APB1ENR[17] = UART2
    8 00000000 00000040 
                       RCC_APB1ENR_OFFSET
                               EQU              0x40
    9 00000000 40023840 
                       RCC_APB1ENR
                               EQU              RCC_BASE + RCC_APB1ENR_OFFSET
   10 00000000 00020000 
                       UART2_EN
                               EQU              1 << 17
   11 00000000         
   12 00000000         ;///////////////////////////////////////////////////////
                       /////
   13 00000000 40020000 
                       GPIOA_BASE
                               EQU              0x40020000
   14 00000000         
   15 00000000 00000000 
                       GPIO_MODER_OFFSET
                               EQU              0x00
   16 00000000 40020000 
                       GPIOA_MODER
                               EQU              GPIOA_BASE + GPIO_MODER_OFFSET
   17 00000000 00000400 
                       GPIOA5_MODER
                               EQU              1 << 10
   18 00000000         
   19 00000000 00000014 
                       GPIO_ODR_OFFSET
                               EQU              0x14
   20 00000000 40020014 
                       GPIOA_ODR
                               EQU              GPIOA_BASE + GPIO_ODR_OFFSET
   21 00000000 00000020 
                       GPIOA5_ODR
                               EQU              1 << 5
   22 00000000         
   23 00000000 00000018 
                       GPIOA_BSRR_OFFSET
                               EQU              0x18
   24 00000000 40020018 
                       GPIOA_BSRR
                               EQU              GPIOA_BASE + GPIOA_BSRR_OFFSET
   25 00000000 00000020 



ARM Macro Assembler    Page 2 


                       GPIOA5_SET
                               EQU              1 << 5
   26 00000000 00200000 
                       GPIOA5_RESET
                               EQU              1 << 21
   27 00000000         
   28 00000000 00000000 
                       GPIOA_AFRL_OFFSET
                               EQU              0x0
   29 00000000 40020000 
                       GPIOA_AFRL
                               EQU              GPIOA_BASE + GPIOA_AFRL_OFFSET
   30 00000000         ; PA2 -> TX  , PA3 -> RX 
   31 00000000 00000080 
                       GPIOA_AF_Select
                               EQU              0x80        ; = 0b 1000 0000 
   32 00000000 00007000 
                       AF7_Select
                               EQU              0x7000      ; = 0b 0111 0000 00
                                                            00 0000 Px2 
   33 00000000         
   34 00000000 00000400 
                       MODER5_OUT
                               EQU              1 << 10     ; PA10 LED
   35 00000000         ;///////////////////////////////////////////////////////
                       /////
   36 00000000 40004400 
                       UART2_BASE
                               EQU              0x40004400
   37 00000000         ;//////////////// Control register 1
   38 00000000 00000000 
                       UART2_CR1_OFFSET
                               EQU              0x00
   39 00000000 40004400 
                       UART2_CR1
                               EQU              UART2_BASE + UART2_CR1_OFFSET
   40 00000000         ;//////////////// Control register 2
   41 00000000 00000004 
                       UART2_CR2_OFFSET
                               EQU              0x04
   42 00000000 40004404 
                       UART2_CR2
                               EQU              UART2_BASE + UART2_CR2_OFFSET
   43 00000000         ;//////////////// Control register 3
   44 00000000 00000008 
                       UART2_CR3_OFFSET
                               EQU              0x08
   45 00000000 40004408 
                       UART2_CR3
                               EQU              UART2_BASE + UART2_CR3_OFFSET
   46 00000000         ;//////////////// Baud rate register
   47 00000000 0000000C 
                       UART2_BRR_OFFSET
                               EQU              0x0C
   48 00000000 4000440C 
                       UART2_BRR
                               EQU              UART2_BASE + UART2_BRR_OFFSET
   49 00000000         ;//////////////// Interrupt and status register
   50 00000000 0000001C 



ARM Macro Assembler    Page 3 


                       UART2_ISR_OFFSET
                               EQU              0x1C
   51 00000000 4000441C 
                       UART2_ISR
                               EQU              UART2_BASE + UART2_ISR_OFFSET
   52 00000000         ;//////////////// Receive data register
   53 00000000 00000024 
                       UART2_RDR_OFFSET
                               EQU              0x24
   54 00000000 40004424 
                       UART2_RDR
                               EQU              UART2_BASE + UART2_RDR_OFFSET
   55 00000000         ;//////////////// Transmit data register
   56 00000000 00000028 
                       UART2_TDR_OFFSET
                               EQU              0x28
   57 00000000 40004428 
                       UART2_TDR
                               EQU              UART2_BASE + UART2_TDR_OFFSET
   58 00000000         
   59 00000000 00000683 
                       BRR_Config
                               EQU              0x683       ;Baud Rate 16MHz
   60 00000000 00000004 
                       CR1_Config
                               EQU              0x4         ;Enable TX-RX 8 bit
                                                             data 0b 1100
   61 00000000 00000000 
                       CR2_Config
                               EQU              0x0000      ; 1 stop bit
   62 00000000 00000000 
                       CR3_Config
                               EQU              0x0000      ; no flow control
   63 00000000         
   64 00000000 00000001 
                       UART2_CR1_EN
                               EQU              0x1         ; ue
   65 00000000         
   66 00000000 00000080 
                       TXE_Flag
                               EQU              0x80        ; ISR_TXE
   67 00000000 00000020 
                       RXE_Flag
                               EQU              0x20        ; ISR_RXNE
   68 00000000         ;///////////////////////////////////////////////////////
                       ///// 
   69 00000000 0000000D 
                       CR      EQU              0x0D
   70 00000000 0000000A 
                       LF      EQU              0x0A
   71 00000000 00000008 
                       BS      EQU              0x08
   72 00000000 0000001B 
                       ESC     EQU              0x1B
   73 00000000 00000020 
                       SPA     EQU              0x20
   74 00000000 0000007F 
                       DEL     EQU              0X7F
   75 00000000         ;///////////////////////////////////////////////////////



ARM Macro Assembler    Page 4 


                       /////
   76 00000000 00516155 
                       ONESEC  EQU              5333333
   77 00000000         ;///////////////////////////////////////////////////////
                       /////
   78 00000000                 AREA             |.text|, CODE, READONLY
   79 00000000                 THUMB
   80 00000000                 ENTRY
   81 00000000                 EXPORT           __main
   82 00000000         __main
   83 00000000 F000 F805       BL               IO_Init
   84 00000004         LOOP
   85 00000004 F000 F832       BL               UART_ReadChar
   86 00000008 F000 F846       BL               LED_Blink
   87 0000000C         
   88 0000000C E7FA            B                LOOP
   89 0000000E         
   90 0000000E         
   91 0000000E         
   92 0000000E         IO_Init                              ; RCC->AHB1ENR |= G
                                                            PIOA_EN
   93 0000000E 482C            LDR              R0, =RCC_AHB1ENR
   94 00000010 6801            LDR              R1, [R0]
   95 00000012 F041 0101       ORR              R1, #GPIOA_EN
   96 00000016 6001            STR              R1, [R0]
   97 00000018         ; RCC->APB1ENR |= UART2_EN
   98 00000018 482A            LDR              R0, =RCC_APB1ENR
   99 0000001A 6801            LDR              R1, [R0]
  100 0000001C F441 3100       ORR              R1, #UART2_EN
  101 00000020 6001            STR              R1, [R0]
  102 00000022         ; SET UP ALT F   ; GPIOA->AFRL |= AF7_Select
  103 00000022 4829            LDR              R0, =GPIOA_AFRL
  104 00000024 6801            LDR              R1, [R0]
  105 00000026 F441 41E0       ORR              R1, #AF7_Select
  106 0000002A 6001            STR              R1, [R0]
  107 0000002C         ;     ; GPIOA->MODER |= GPIOA_ALT_Select
  108 0000002C 4826            LDR              R0, =GPIOA_MODER
  109 0000002E 6801            LDR              R1,[R0]
  110 00000030 F041 0180       ORR              R1, #GPIOA_AF_Select ; 0x20
  111 00000034 6001            STR              R1, [R0]
  112 00000036         ; GPIOA->MODER |= MODER5_OUT
  113 00000036 4824            LDR              R0, =GPIOA_MODER
  114 00000038 6801            LDR              R1, [R0]
  115 0000003A F441 6180       ORR              R1, #MODER5_OUT
  116 0000003E 6001            STR              R1, [R0]
  117 00000040         
  118 00000040         ; UART2->BRR = BRR_Config ; 9600
  119 00000040 4822            LDR              R0, =UART2_BRR
  120 00000042 F240 6183       MOVW             R1, #BRR_Config
  121 00000046 6001            STR              R1, [R0]
  122 00000048         ; UART2->CR1 = CR1_Config
  123 00000048 4821            LDR              R0, =UART2_CR1
  124 0000004A F04F 0104       MOV              R1, #CR1_Config
  125 0000004E 6001            STR              R1, [R0]
  126 00000050         ; UART2->CR2 = CR2_Config
  127 00000050 4820            LDR              R0, =UART2_CR2
  128 00000052 F04F 0100       MOV              R1, #CR2_Config
  129 00000056 6001            STR              R1, [R0]
  130 00000058         ; UART2->CR3 = CR3_Config



ARM Macro Assembler    Page 5 


  131 00000058 481F            LDR              R0, =UART2_CR3
  132 0000005A F04F 0100       MOV              R1, #CR3_Config
  133 0000005E 6001            STR              R1, [R0]
  134 00000060         ; UART2->CR1 = TXE_EN
  135 00000060 481B            LDR              R0, =UART2_CR1
  136 00000062 6801            LDR              R1,[R0]
  137 00000064 F041 0101       ORR              R1, #UART2_CR1_EN ; UE
  138 00000068 6001            STR              R1, [R0]
  139 0000006A         
  140 0000006A 4770            BX               LR
  141 0000006C         
  142 0000006C         UART_ReadChar
  143 0000006C 491B            LDR              R1, =UART2_ISR
  144 0000006E         LOOP_2
  145 0000006E 680A            LDR              R2, [R1]
  146 00000070 F002 0220       AND              R2, #RXE_Flag
  147 00000074 2A00            CMP              R2, #0x00
  148 00000076 D0FA            BEQ              LOOP_2
  149 00000078 4B19            LDR              R3, =UART2_RDR
  150 0000007A 6818            LDR              R0, [R3]
  151 0000007C 4770            BX               LR
  152 0000007E         
  153 0000007E         UART_WriteChar
  154 0000007E 4917            LDR              R1, =UART2_ISR
  155 00000080         LOOP_1
  156 00000080 680A            LDR              R2, [R1]
  157 00000082 F002 0280       AND              R2, #TXE_Flag
  158 00000086 2A00            CMP              R2, #0x00
  159 00000088 D0FA            BEQ              LOOP_1
  160 0000008A B2C1            UXTB             R1,R0
  161 0000008C 4A15            LDR              R2, =UART2_TDR
  162 0000008E 6011            STR              R1, [R2]
  163 00000090 4770            BX               LR
  164 00000092         
  165 00000092         Delay
  166 00000092 1E5B            SUBS             R3,R3, #1
  167 00000094 D1FD            BNE              Delay
  168 00000096 4770            BX               lr
  169 00000098         
  170 00000098         
  171 00000098         LED_Blink
  172 00000098 4603            MOV              R3, R0
  173 0000009A 2B30            CMP              R3, #0x0030 ; KEY1 = 
  174 0000009C D000            BEQ              BLINK
  175 0000009E 4770            BX               LR
  176 000000A0         BLINK
  177 000000A0         
  178 000000A0 2020            MOVS             R0, #GPIOA5_SET
  179 000000A2 4911            LDR              R1, =GPIOA_BSRR
  180 000000A4 6008            STR              R0, [R1]
  181 000000A6         
  182 000000A6 4B11            LDR              R3, =ONESEC
  183 000000A8 F7FF FFF3       BL               Delay
  184 000000AC         
  185 000000AC F45F 1000       MOVS             R0, #GPIOA5_RESET
  186 000000B0 490D            LDR              R1, =GPIOA_BSRR
  187 000000B2 6008            STR              R0, [R1]
  188 000000B4         
  189 000000B4 4B0D            LDR              R3, =ONESEC



ARM Macro Assembler    Page 6 


  190 000000B6 F7FF FFEC       BL               Delay
  191 000000BA         
  192 000000BA F7FF FFD7       BL               UART_ReadChar
  193 000000BE         
  194 000000BE 00 00           ALIGN
  195 000000C0                 END
              40023830 
              40023840 
              40020000 
              4000440C 
              40004400 
              40004404 
              40004408 
              4000441C 
              40004424 
              40004428 
              40020018 
              00516155 
Command Line: --debug --xref --diag_suppress=9931 --cpu=Cortex-M7.fp.sp --apcs=
interwork --depend=.\objects\main.d -o.\objects\main.o -I.\RTE\_Target_1 -IC:\K
eil_v5\ARM\PACK\ARM\CMSIS\5.0.1\CMSIS\Include -IC:\Keil_v5\ARM\PACK\Keil\STM32F
7xx_DFP\2.14.1\Drivers\CMSIS\Device\ST\STM32F7xx\Include --predefine="__MICROLI
B SETA 1" --predefine="__UVISION_VERSION SETA 524" --predefine="_RTE_ SETA 1" -
-predefine="STM32F746xx SETA 1" --list=.\listings\main.lst main.s



ARM Macro Assembler    Page 1 Alphabetic symbol ordering
Relocatable symbols

.text 00000000

Symbol: .text
   Definitions
      At line 78 in file main.s
   Uses
      None
Comment: .text unused
BLINK 000000A0

Symbol: BLINK
   Definitions
      At line 176 in file main.s
   Uses
      At line 174 in file main.s
Comment: BLINK used once
Delay 00000092

Symbol: Delay
   Definitions
      At line 165 in file main.s
   Uses
      At line 167 in file main.s
      At line 183 in file main.s
      At line 190 in file main.s

IO_Init 0000000E

Symbol: IO_Init
   Definitions
      At line 92 in file main.s
   Uses
      At line 83 in file main.s
Comment: IO_Init used once
LED_Blink 00000098

Symbol: LED_Blink
   Definitions
      At line 171 in file main.s
   Uses
      At line 86 in file main.s
Comment: LED_Blink used once
LOOP 00000004

Symbol: LOOP
   Definitions
      At line 84 in file main.s
   Uses
      At line 88 in file main.s
Comment: LOOP used once
LOOP_1 00000080

Symbol: LOOP_1
   Definitions
      At line 155 in file main.s
   Uses
      At line 159 in file main.s
Comment: LOOP_1 used once
LOOP_2 0000006E



ARM Macro Assembler    Page 2 Alphabetic symbol ordering
Relocatable symbols


Symbol: LOOP_2
   Definitions
      At line 144 in file main.s
   Uses
      At line 148 in file main.s
Comment: LOOP_2 used once
UART_ReadChar 0000006C

Symbol: UART_ReadChar
   Definitions
      At line 142 in file main.s
   Uses
      At line 85 in file main.s
      At line 192 in file main.s

UART_WriteChar 0000007E

Symbol: UART_WriteChar
   Definitions
      At line 153 in file main.s
   Uses
      None
Comment: UART_WriteChar unused
__main 00000000

Symbol: __main
   Definitions
      At line 82 in file main.s
   Uses
      At line 81 in file main.s
Comment: __main used once
11 symbols



ARM Macro Assembler    Page 1 Alphabetic symbol ordering
Absolute symbols

AF7_Select 00007000

Symbol: AF7_Select
   Definitions
      At line 32 in file main.s
   Uses
      At line 105 in file main.s
Comment: AF7_Select used once
BRR_Config 00000683

Symbol: BRR_Config
   Definitions
      At line 59 in file main.s
   Uses
      At line 120 in file main.s
Comment: BRR_Config used once
BS 00000008

Symbol: BS
   Definitions
      At line 71 in file main.s
   Uses
      None
Comment: BS unused
CR 0000000D

Symbol: CR
   Definitions
      At line 69 in file main.s
   Uses
      None
Comment: CR unused
CR1_Config 00000004

Symbol: CR1_Config
   Definitions
      At line 60 in file main.s
   Uses
      At line 124 in file main.s
Comment: CR1_Config used once
CR2_Config 00000000

Symbol: CR2_Config
   Definitions
      At line 61 in file main.s
   Uses
      At line 128 in file main.s
Comment: CR2_Config used once
CR3_Config 00000000

Symbol: CR3_Config
   Definitions
      At line 62 in file main.s
   Uses
      At line 132 in file main.s
Comment: CR3_Config used once
DEL 0000007F

Symbol: DEL



ARM Macro Assembler    Page 2 Alphabetic symbol ordering
Absolute symbols

   Definitions
      At line 74 in file main.s
   Uses
      None
Comment: DEL unused
ESC 0000001B

Symbol: ESC
   Definitions
      At line 72 in file main.s
   Uses
      None
Comment: ESC unused
GPIOA5_MODER 00000400

Symbol: GPIOA5_MODER
   Definitions
      At line 17 in file main.s
   Uses
      None
Comment: GPIOA5_MODER unused
GPIOA5_ODR 00000020

Symbol: GPIOA5_ODR
   Definitions
      At line 21 in file main.s
   Uses
      None
Comment: GPIOA5_ODR unused
GPIOA5_RESET 00200000

Symbol: GPIOA5_RESET
   Definitions
      At line 26 in file main.s
   Uses
      At line 185 in file main.s
Comment: GPIOA5_RESET used once
GPIOA5_SET 00000020

Symbol: GPIOA5_SET
   Definitions
      At line 25 in file main.s
   Uses
      At line 178 in file main.s
Comment: GPIOA5_SET used once
GPIOA_AFRL 40020000

Symbol: GPIOA_AFRL
   Definitions
      At line 29 in file main.s
   Uses
      At line 103 in file main.s
Comment: GPIOA_AFRL used once
GPIOA_AFRL_OFFSET 00000000

Symbol: GPIOA_AFRL_OFFSET
   Definitions
      At line 28 in file main.s
   Uses



ARM Macro Assembler    Page 3 Alphabetic symbol ordering
Absolute symbols

      At line 29 in file main.s
Comment: GPIOA_AFRL_OFFSET used once
GPIOA_AF_Select 00000080

Symbol: GPIOA_AF_Select
   Definitions
      At line 31 in file main.s
   Uses
      At line 110 in file main.s
Comment: GPIOA_AF_Select used once
GPIOA_BASE 40020000

Symbol: GPIOA_BASE
   Definitions
      At line 13 in file main.s
   Uses
      At line 16 in file main.s
      At line 20 in file main.s
      At line 24 in file main.s
      At line 29 in file main.s

GPIOA_BSRR 40020018

Symbol: GPIOA_BSRR
   Definitions
      At line 24 in file main.s
   Uses
      At line 179 in file main.s
      At line 186 in file main.s

GPIOA_BSRR_OFFSET 00000018

Symbol: GPIOA_BSRR_OFFSET
   Definitions
      At line 23 in file main.s
   Uses
      At line 24 in file main.s
Comment: GPIOA_BSRR_OFFSET used once
GPIOA_EN 00000001

Symbol: GPIOA_EN
   Definitions
      At line 6 in file main.s
   Uses
      At line 95 in file main.s
Comment: GPIOA_EN used once
GPIOA_MODER 40020000

Symbol: GPIOA_MODER
   Definitions
      At line 16 in file main.s
   Uses
      At line 108 in file main.s
      At line 113 in file main.s

GPIOA_ODR 40020014

Symbol: GPIOA_ODR
   Definitions



ARM Macro Assembler    Page 4 Alphabetic symbol ordering
Absolute symbols

      At line 20 in file main.s
   Uses
      None
Comment: GPIOA_ODR unused
GPIO_MODER_OFFSET 00000000

Symbol: GPIO_MODER_OFFSET
   Definitions
      At line 15 in file main.s
   Uses
      At line 16 in file main.s
Comment: GPIO_MODER_OFFSET used once
GPIO_ODR_OFFSET 00000014

Symbol: GPIO_ODR_OFFSET
   Definitions
      At line 19 in file main.s
   Uses
      At line 20 in file main.s
Comment: GPIO_ODR_OFFSET used once
LF 0000000A

Symbol: LF
   Definitions
      At line 70 in file main.s
   Uses
      None
Comment: LF unused
MODER5_OUT 00000400

Symbol: MODER5_OUT
   Definitions
      At line 34 in file main.s
   Uses
      At line 115 in file main.s
Comment: MODER5_OUT used once
ONESEC 00516155

Symbol: ONESEC
   Definitions
      At line 76 in file main.s
   Uses
      At line 182 in file main.s
      At line 189 in file main.s

RCC_AHB1ENR 40023830

Symbol: RCC_AHB1ENR
   Definitions
      At line 5 in file main.s
   Uses
      At line 93 in file main.s
Comment: RCC_AHB1ENR used once
RCC_AHB1ENR_OFFSET 00000030

Symbol: RCC_AHB1ENR_OFFSET
   Definitions
      At line 4 in file main.s
   Uses



ARM Macro Assembler    Page 5 Alphabetic symbol ordering
Absolute symbols

      At line 5 in file main.s
Comment: RCC_AHB1ENR_OFFSET used once
RCC_APB1ENR 40023840

Symbol: RCC_APB1ENR
   Definitions
      At line 9 in file main.s
   Uses
      At line 98 in file main.s
Comment: RCC_APB1ENR used once
RCC_APB1ENR_OFFSET 00000040

Symbol: RCC_APB1ENR_OFFSET
   Definitions
      At line 8 in file main.s
   Uses
      At line 9 in file main.s
Comment: RCC_APB1ENR_OFFSET used once
RCC_BASE 40023800

Symbol: RCC_BASE
   Definitions
      At line 2 in file main.s
   Uses
      At line 5 in file main.s
      At line 9 in file main.s

RXE_Flag 00000020

Symbol: RXE_Flag
   Definitions
      At line 67 in file main.s
   Uses
      At line 146 in file main.s
Comment: RXE_Flag used once
SPA 00000020

Symbol: SPA
   Definitions
      At line 73 in file main.s
   Uses
      None
Comment: SPA unused
TXE_Flag 00000080

Symbol: TXE_Flag
   Definitions
      At line 66 in file main.s
   Uses
      At line 157 in file main.s
Comment: TXE_Flag used once
UART2_BASE 40004400

Symbol: UART2_BASE
   Definitions
      At line 36 in file main.s
   Uses
      At line 39 in file main.s
      At line 42 in file main.s



ARM Macro Assembler    Page 6 Alphabetic symbol ordering
Absolute symbols

      At line 45 in file main.s
      At line 48 in file main.s
      At line 51 in file main.s
      At line 54 in file main.s
      At line 57 in file main.s

UART2_BRR 4000440C

Symbol: UART2_BRR
   Definitions
      At line 48 in file main.s
   Uses
      At line 119 in file main.s
Comment: UART2_BRR used once
UART2_BRR_OFFSET 0000000C

Symbol: UART2_BRR_OFFSET
   Definitions
      At line 47 in file main.s
   Uses
      At line 48 in file main.s
Comment: UART2_BRR_OFFSET used once
UART2_CR1 40004400

Symbol: UART2_CR1
   Definitions
      At line 39 in file main.s
   Uses
      At line 123 in file main.s
      At line 135 in file main.s

UART2_CR1_EN 00000001

Symbol: UART2_CR1_EN
   Definitions
      At line 64 in file main.s
   Uses
      At line 137 in file main.s
Comment: UART2_CR1_EN used once
UART2_CR1_OFFSET 00000000

Symbol: UART2_CR1_OFFSET
   Definitions
      At line 38 in file main.s
   Uses
      At line 39 in file main.s
Comment: UART2_CR1_OFFSET used once
UART2_CR2 40004404

Symbol: UART2_CR2
   Definitions
      At line 42 in file main.s
   Uses
      At line 127 in file main.s
Comment: UART2_CR2 used once
UART2_CR2_OFFSET 00000004

Symbol: UART2_CR2_OFFSET
   Definitions



ARM Macro Assembler    Page 7 Alphabetic symbol ordering
Absolute symbols

      At line 41 in file main.s
   Uses
      At line 42 in file main.s
Comment: UART2_CR2_OFFSET used once
UART2_CR3 40004408

Symbol: UART2_CR3
   Definitions
      At line 45 in file main.s
   Uses
      At line 131 in file main.s
Comment: UART2_CR3 used once
UART2_CR3_OFFSET 00000008

Symbol: UART2_CR3_OFFSET
   Definitions
      At line 44 in file main.s
   Uses
      At line 45 in file main.s
Comment: UART2_CR3_OFFSET used once
UART2_EN 00020000

Symbol: UART2_EN
   Definitions
      At line 10 in file main.s
   Uses
      At line 100 in file main.s
Comment: UART2_EN used once
UART2_ISR 4000441C

Symbol: UART2_ISR
   Definitions
      At line 51 in file main.s
   Uses
      At line 143 in file main.s
      At line 154 in file main.s

UART2_ISR_OFFSET 0000001C

Symbol: UART2_ISR_OFFSET
   Definitions
      At line 50 in file main.s
   Uses
      At line 51 in file main.s
Comment: UART2_ISR_OFFSET used once
UART2_RDR 40004424

Symbol: UART2_RDR
   Definitions
      At line 54 in file main.s
   Uses
      At line 149 in file main.s
Comment: UART2_RDR used once
UART2_RDR_OFFSET 00000024

Symbol: UART2_RDR_OFFSET
   Definitions
      At line 53 in file main.s
   Uses



ARM Macro Assembler    Page 8 Alphabetic symbol ordering
Absolute symbols

      At line 54 in file main.s
Comment: UART2_RDR_OFFSET used once
UART2_TDR 40004428

Symbol: UART2_TDR
   Definitions
      At line 57 in file main.s
   Uses
      At line 161 in file main.s
Comment: UART2_TDR used once
UART2_TDR_OFFSET 00000028

Symbol: UART2_TDR_OFFSET
   Definitions
      At line 56 in file main.s
   Uses
      At line 57 in file main.s
Comment: UART2_TDR_OFFSET used once
52 symbols
400 symbols in table
