


ARM Macro Assembler    Page 1 


    1 00000000 40023800 
                       RCC_BASE
                               EQU              0x40023800
    2 00000000 40023830 
                       RCC_AHB1ENR
                               EQU              0x40023800 + 0x30
    3 00000000 40020C00 
                       GPIOD_BASE
                               EQU              0x40020C00
    4 00000000 40020C00 
                       GPIOD_MODER
                               EQU              0x40020C00
    5 00000000 40020C14 
                       GPIOD_ODR
                               EQU              0x40020C00 + 0x14
    6 00000000         
    7 00000000 00000008 
                       GPIODEN EQU              ( 1 << 3 )
    8 00000000 40000000 
                       MODER_15
                               EQU              ( 1 << 30 )
    9 00000000 10000000 
                       MODER_14
                               EQU              ( 1 << 28 )
   10 00000000 04000000 
                       MODER_13
                               EQU              ( 1 << 26 )
   11 00000000 01000000 
                       MODER_12
                               EQU              ( 1 << 24 )
   12 00000000         
   13 00000000 00001000 
                       LED_1   EQU              ( 1 << 12 )
   14 00000000 00002000 
                       LED_2   EQU              ( 1 << 13 )
   15 00000000 00004000 
                       LED_3   EQU              ( 1 << 14 )
   16 00000000 00008000 
                       LED_4   EQU              ( 1 << 15 )
   17 00000000         
   18 00000000 0000000F 
                       DELAY   EQU              0x000F
   19 00000000 00516155 
                       ONESEC  EQU              5333333
   20 00000000 000411AB 
                       HSEC    EQU              266667
   21 00000000 0001A0AB 
                       FSEC    EQU              106667
   22 00000000         
   23 00000000                 AREA             |.text| , CODE, READONLY, ALIGN
 =2
   24 00000000                 THUMB
   25 00000000                 EXPORT           __main
   26 00000000         __main
   27 00000000 F000 F800       BL               GPIOD_Init
   28 00000004         
   29 00000004         GPIOD_Init
   30 00000004 4813            LDR              R0, =RCC_AHB1ENR 
                                                            ; R0 CLK PERIPH REG



ARM Macro Assembler    Page 2 


                                                            
   31 00000006 6801            LDR              R1, [R0]    ; LOAD into R1
   32 00000008 F041 0108       ORR              R1, GPIODEN ; GPIOD_EN to R1
   33 0000000C 6001            STR              R1, [R0]    ; store new form
   34 0000000E         
   35 0000000E 4812            LDR              R0, =GPIOD_MODER ; LOAD MODER
   36 00000010 F04F 41AA       LDR              R1, =(MODER_15|MODER_14|MODER_1
3|MODER_12)
   37 00000014 6001            STR              R1, [R0]
   38 00000016 F04F 0100       MOV              R1, #0
   39 0000001A         
   40 0000001A 4A10            LDR              R2, =GPIOD_ODR ; Output data re
                                                            gister
   41 0000001C         
   42 0000001C         Blink
   43 0000001C F241 0100       MOVW             R1, #LED_1
   44 00000020 6011            STR              R1, [R2]
   45 00000022 4B0F            LDR              R3, =ONESEC
   46 00000024 F000 F813       BL               Delay
   47 00000028         
   48 00000028 F242 0100       MOVW             R1, #LED_2
   49 0000002C 6011            STR              R1, [R2]
   50 0000002E 4B0D            LDR              R3, =HSEC
   51 00000030 F000 F80D       BL               Delay
   52 00000034         
   53 00000034 F244 0100       MOVW             R1, #LED_3
   54 00000038 6011            STR              R1, [R2]
   55 0000003A 4B0A            LDR              R3, =HSEC
   56 0000003C F000 F807       BL               Delay
   57 00000040         
   58 00000040 F248 0100       MOVW             R1, #LED_4
   59 00000044 6011            STR              R1, [R2]
   60 00000046 4B08            LDR              R3, =FSEC
   61 00000048 F000 F801       BL               Delay
   62 0000004C         
   63 0000004C E7E6            B                Blink       ; loop
   64 0000004E         
   65 0000004E         Delay
   66 0000004E 1E5B            SUBS             R3,R3,#1
   67 00000050 D1FD            BNE              Delay
   68 00000052 4770            BX               LR          ; return
   69 00000054         
   70 00000054                 ALIGN
   71 00000054                 END
              40023830 
              40020C00 
              40020C14 
              00516155 
              000411AB 
              0001A0AB 
Command Line: --debug --xref --diag_suppress=9931 --cpu=Cortex-M7.fp.sp --apcs=
interwork --depend=.\objects\blink.d -o.\objects\blink.o -I.\RTE\_Target_1 -IC:
\Keil_v5\ARM\PACK\ARM\CMSIS\5.0.1\CMSIS\Include -IC:\Keil_v5\ARM\PACK\Keil\STM3
2F7xx_DFP\2.14.1\Drivers\CMSIS\Device\ST\STM32F7xx\Include --predefine="__MICRO
LIB SETA 1" --predefine="__UVISION_VERSION SETA 524" --predefine="_RTE_ SETA 1"
 --predefine="STM32F746xx SETA 1" --list=.\listings\blink.lst blink.s



ARM Macro Assembler    Page 1 Alphabetic symbol ordering
Relocatable symbols

.text 00000000

Symbol: .text
   Definitions
      At line 23 in file blink.s
   Uses
      None
Comment: .text unused
Blink 0000001C

Symbol: Blink
   Definitions
      At line 42 in file blink.s
   Uses
      At line 63 in file blink.s
Comment: Blink used once
Delay 0000004E

Symbol: Delay
   Definitions
      At line 65 in file blink.s
   Uses
      At line 46 in file blink.s
      At line 51 in file blink.s
      At line 56 in file blink.s
      At line 61 in file blink.s
      At line 67 in file blink.s

GPIOD_Init 00000004

Symbol: GPIOD_Init
   Definitions
      At line 29 in file blink.s
   Uses
      At line 27 in file blink.s
Comment: GPIOD_Init used once
__main 00000000

Symbol: __main
   Definitions
      At line 26 in file blink.s
   Uses
      At line 25 in file blink.s
Comment: __main used once
5 symbols



ARM Macro Assembler    Page 1 Alphabetic symbol ordering
Absolute symbols

DELAY 0000000F

Symbol: DELAY
   Definitions
      At line 18 in file blink.s
   Uses
      None
Comment: DELAY unused
FSEC 0001A0AB

Symbol: FSEC
   Definitions
      At line 21 in file blink.s
   Uses
      At line 60 in file blink.s
Comment: FSEC used once
GPIODEN 00000008

Symbol: GPIODEN
   Definitions
      At line 7 in file blink.s
   Uses
      At line 32 in file blink.s
Comment: GPIODEN used once
GPIOD_BASE 40020C00

Symbol: GPIOD_BASE
   Definitions
      At line 3 in file blink.s
   Uses
      None
Comment: GPIOD_BASE unused
GPIOD_MODER 40020C00

Symbol: GPIOD_MODER
   Definitions
      At line 4 in file blink.s
   Uses
      At line 35 in file blink.s
Comment: GPIOD_MODER used once
GPIOD_ODR 40020C14

Symbol: GPIOD_ODR
   Definitions
      At line 5 in file blink.s
   Uses
      At line 40 in file blink.s
Comment: GPIOD_ODR used once
HSEC 000411AB

Symbol: HSEC
   Definitions
      At line 20 in file blink.s
   Uses
      At line 50 in file blink.s
      At line 55 in file blink.s

LED_1 00001000




ARM Macro Assembler    Page 2 Alphabetic symbol ordering
Absolute symbols

Symbol: LED_1
   Definitions
      At line 13 in file blink.s
   Uses
      At line 43 in file blink.s
Comment: LED_1 used once
LED_2 00002000

Symbol: LED_2
   Definitions
      At line 14 in file blink.s
   Uses
      At line 48 in file blink.s
Comment: LED_2 used once
LED_3 00004000

Symbol: LED_3
   Definitions
      At line 15 in file blink.s
   Uses
      At line 53 in file blink.s
Comment: LED_3 used once
LED_4 00008000

Symbol: LED_4
   Definitions
      At line 16 in file blink.s
   Uses
      At line 58 in file blink.s
Comment: LED_4 used once
MODER_12 01000000

Symbol: MODER_12
   Definitions
      At line 11 in file blink.s
   Uses
      At line 36 in file blink.s
Comment: MODER_12 used once
MODER_13 04000000

Symbol: MODER_13
   Definitions
      At line 10 in file blink.s
   Uses
      At line 36 in file blink.s
Comment: MODER_13 used once
MODER_14 10000000

Symbol: MODER_14
   Definitions
      At line 9 in file blink.s
   Uses
      At line 36 in file blink.s
Comment: MODER_14 used once
MODER_15 40000000

Symbol: MODER_15
   Definitions
      At line 8 in file blink.s



ARM Macro Assembler    Page 3 Alphabetic symbol ordering
Absolute symbols

   Uses
      At line 36 in file blink.s
Comment: MODER_15 used once
ONESEC 00516155

Symbol: ONESEC
   Definitions
      At line 19 in file blink.s
   Uses
      At line 45 in file blink.s
Comment: ONESEC used once
RCC_AHB1ENR 40023830

Symbol: RCC_AHB1ENR
   Definitions
      At line 2 in file blink.s
   Uses
      At line 30 in file blink.s
Comment: RCC_AHB1ENR used once
RCC_BASE 40023800

Symbol: RCC_BASE
   Definitions
      At line 1 in file blink.s
   Uses
      None
Comment: RCC_BASE unused
18 symbols
360 symbols in table
